<?xml version="1.0" encoding="utf-8" standalone="no"?>
<!--This file represents the results of running a test suite-->
<test-results name="D:\hg\tutis\Projects\Freude\Freude.Tests\bin\Release\Freude.Tests.dll" total="97" errors="0" failures="0" not-run="3" inconclusive="0" ignored="3" skipped="0" invalid="0" date="2015-11-14" time="10:12:10">
  <environment nunit-version="2.6.4.14350" clr-version="2.0.50727.5485" os-version="Microsoft Windows NT 6.1.7601 Service Pack 1" platform="Win32NT" cwd="D:\hg\tutis\Projects\Freude" machine-name="JAZZ" user="igor" user-domain="JAZZ" />
  <culture-info current-culture="sl-SI" current-uiculture="en-US" />
  <test-suite type="Assembly" name="D:\hg\tutis\Projects\Freude\Freude.Tests\bin\Release\Freude.Tests.dll" executed="True" result="Success" success="True" time="1.042" asserts="0">
    <results>
      <test-suite type="Namespace" name="Freude" executed="True" result="Success" success="True" time="1.037" asserts="0">
        <results>
          <test-suite type="Namespace" name="Tests" executed="True" result="Success" success="True" time="1.037" asserts="0">
            <results>
              <test-suite type="Namespace" name="CommandsTests" executed="True" result="Success" success="True" time="0.498" asserts="0">
                <results>
                  <test-suite type="TestFixture" name="BuildCommandTests" executed="True" result="Success" success="True" time="0.449" asserts="0">
                    <results>
                      <test-suite type="ParameterizedTest" name="TestCompilingOfAProject" executed="True" result="Success" success="True" time="0.446" asserts="0">
                        <results>
                          <test-case name="Freude.Tests.CommandsTests.BuildCommandTests.TestCompilingOfAProject(True)" executed="True" result="Success" success="True" time="0.440" asserts="0" />
                          <test-case name="Freude.Tests.CommandsTests.BuildCommandTests.TestCompilingOfAProject(False)" executed="True" result="Success" success="True" time="0.002" asserts="0" />
                        </results>
                      </test-suite>
                    </results>
                  </test-suite>
                  <test-suite type="TestFixture" name="DeployCommandTests" executed="True" result="Success" success="True" time="0.047" asserts="0">
                    <results>
                      <test-case name="Freude.Tests.CommandsTests.DeployCommandTests.TestDeployingAProjectWithoutSpecifyingRemoteDir" executed="True" result="Success" success="True" time="0.041" asserts="0" />
                      <test-case name="Freude.Tests.CommandsTests.DeployCommandTests.TestDeployingAProjectWithSpecifyingRemoteDir" executed="True" result="Success" success="True" time="0.005" asserts="0" />
                    </results>
                  </test-suite>
                </results>
              </test-suite>
              <test-suite type="Namespace" name="DocumentProcessingTests" executed="True" result="Success" success="True" time="0.258" asserts="0">
                <results>
                  <test-suite type="TestFixture" name="BasicProcessingTests" executed="True" result="Success" success="True" time="0.228" asserts="0">
                    <results>
                      <test-case name="Freude.Tests.DocumentProcessingTests.BasicProcessingTests.ExternalLink" executed="True" result="Success" success="True" time="0.204" asserts="2" />
                      <test-case name="Freude.Tests.DocumentProcessingTests.BasicProcessingTests.Headings" executed="True" result="Success" success="True" time="0.008" asserts="2" />
                      <test-case name="Freude.Tests.DocumentProcessingTests.BasicProcessingTests.HeadingsShouldBeEscaped" executed="True" result="Success" success="True" time="0.001" asserts="2" />
                      <test-case name="Freude.Tests.DocumentProcessingTests.BasicProcessingTests.HeadingWithAnchor" executed="True" result="Success" success="True" time="0.006" asserts="2" />
                      <test-case name="Freude.Tests.DocumentProcessingTests.BasicProcessingTests.InternalLink" executed="True" result="Success" success="True" time="0.005" asserts="2" />
                      <test-case name="Freude.Tests.DocumentProcessingTests.BasicProcessingTests.InternalLinkNoDescription" executed="True" result="Success" success="True" time="0.001" asserts="2" />
                    </results>
                  </test-suite>
                  <test-suite type="TestFixture" name="ParagraphsProcessingTests" executed="True" result="Success" success="True" time="0.029" asserts="0">
                    <results>
                      <test-case name="Freude.Tests.DocumentProcessingTests.ParagraphsProcessingTests.BulletList" executed="True" result="Success" success="True" time="0.003" asserts="2" />
                      <test-case name="Freude.Tests.DocumentProcessingTests.ParagraphsProcessingTests.BulletListBetweenParagraphs" executed="True" result="Success" success="True" time="0.002" asserts="2" />
                      <test-case name="Freude.Tests.DocumentProcessingTests.ParagraphsProcessingTests.IndentedParagraph" executed="True" result="Success" success="True" time="0.002" asserts="2" />
                      <test-case name="Freude.Tests.DocumentProcessingTests.ParagraphsProcessingTests.MultilevelBulletLists" executed="True" result="Success" success="True" time="0.002" asserts="2" />
                      <test-case name="Freude.Tests.DocumentProcessingTests.ParagraphsProcessingTests.MultilevelNumberedLists" executed="True" result="Success" success="True" time="0.003" asserts="2" />
                      <test-case name="Freude.Tests.DocumentProcessingTests.ParagraphsProcessingTests.MultilineBulletListItems" executed="True" result="Success" success="True" time="0.002" asserts="2" />
                      <test-case name="Freude.Tests.DocumentProcessingTests.ParagraphsProcessingTests.MultilineNumberedListItems" executed="True" result="Success" success="True" time="0.002" asserts="2" />
                      <test-case name="Freude.Tests.DocumentProcessingTests.ParagraphsProcessingTests.NumberedList" executed="True" result="Success" success="True" time="0.002" asserts="2" />
                      <test-case name="Freude.Tests.DocumentProcessingTests.ParagraphsProcessingTests.NumberedListBetweenParagraphs" executed="True" result="Success" success="True" time="0.002" asserts="2" />
                      <test-case name="Freude.Tests.DocumentProcessingTests.ParagraphsProcessingTests.SimpleParagraph" executed="True" result="Success" success="True" time="0.001" asserts="2" />
                      <test-case name="Freude.Tests.DocumentProcessingTests.ParagraphsProcessingTests.TextShouldBeEscaped" executed="True" result="Success" success="True" time="0.001" asserts="2" />
                    </results>
                  </test-suite>
                </results>
              </test-suite>
              <test-suite type="Namespace" name="FreudeTextParsingTests" executed="True" result="Success" success="True" time="0.177" asserts="0">
                <results>
                  <test-suite type="TestFixture" name="BulletListParsingTests" executed="True" result="Success" success="True" time="0.019" asserts="0">
                    <results>
                      <test-case name="Freude.Tests.FreudeTextParsingTests.BulletListParsingTests.Indented" executed="True" result="Success" success="True" time="0.005" asserts="9" />
                      <test-case name="Freude.Tests.FreudeTextParsingTests.BulletListParsingTests.Multiline" executed="True" result="Success" success="True" time="0.002" asserts="8" />
                      <test-case name="Freude.Tests.FreudeTextParsingTests.BulletListParsingTests.SimpleCase" executed="True" result="Success" success="True" time="0.002" asserts="9" />
                      <test-case name="Freude.Tests.FreudeTextParsingTests.BulletListParsingTests.WithBullets" executed="True" result="Success" success="True" time="0.002" asserts="8" />
                      <test-case name="Freude.Tests.FreudeTextParsingTests.BulletListParsingTests.WithExtraSpacing" executed="True" result="Success" success="True" time="0.002" asserts="8" />
                      <test-case name="Freude.Tests.FreudeTextParsingTests.BulletListParsingTests.WithStyling" executed="True" result="Success" success="True" time="0.002" asserts="11" />
                    </results>
                  </test-suite>
                  <test-suite type="TestFixture" name="ExternalLinkParsingTests" executed="True" result="Success" success="True" time="0.017" asserts="0">
                    <results>
                      <test-case name="Freude.Tests.FreudeTextParsingTests.ExternalLinkParsingTests.ClosingBracketIsMissing" executed="True" result="Success" success="True" time="0.003" asserts="2" />
                      <test-case name="Freude.Tests.FreudeTextParsingTests.ExternalLinkParsingTests.ClosingBracketIsMissing2" executed="True" result="Success" success="True" time="0.002" asserts="2" />
                      <test-case name="Freude.Tests.FreudeTextParsingTests.ExternalLinkParsingTests.SimpleCase" executed="True" result="Success" success="True" time="0.004" asserts="6" />
                      <test-case name="Freude.Tests.FreudeTextParsingTests.ExternalLinkParsingTests.WithDescription" executed="True" result="Success" success="True" time="0.003" asserts="7" />
                      <test-case name="Freude.Tests.FreudeTextParsingTests.ExternalLinkParsingTests.WithWhiteSpaceAround" executed="True" result="Success" success="True" time="0.002" asserts="6" />
                    </results>
                  </test-suite>
                  <test-suite type="TestFixture" name="HeadingParsingTests" executed="True" result="Success" success="True" time="0.017" asserts="0">
                    <results>
                      <test-case name="Freude.Tests.FreudeTextParsingTests.HeadingParsingTests.HeadingBetweenParagraphs" executed="True" result="Success" success="True" time="0.002" asserts="10" />
                      <test-case name="Freude.Tests.FreudeTextParsingTests.HeadingParsingTests.HeadingWithAnchor" executed="True" result="Success" success="True" time="0.001" asserts="6" />
                      <test-suite type="ParameterizedTest" name="StartingEqualsIsHeadinhPrefix" executed="True" result="Success" success="True" time="0.013" asserts="0">
                        <results>
                          <test-case name="Freude.Tests.FreudeTextParsingTests.HeadingParsingTests.StartingEqualsIsHeadinhPrefix(1)" executed="True" result="Success" success="True" time="0.002" asserts="5" />
                          <test-case name="Freude.Tests.FreudeTextParsingTests.HeadingParsingTests.StartingEqualsIsHeadinhPrefix(2)" executed="True" result="Success" success="True" time="0.008" asserts="5" />
                          <test-case name="Freude.Tests.FreudeTextParsingTests.HeadingParsingTests.StartingEqualsIsHeadinhPrefix(3)" executed="True" result="Success" success="True" time="0.001" asserts="5" />
                        </results>
                      </test-suite>
                    </results>
                  </test-suite>
                  <test-suite type="TestFixture" name="ImageParsingTests" executed="False" result="Ignored">
                    <reason>
                      <message><![CDATA[todo next: update the image format]]></message>
                    </reason>
                    <results>
                      <test-case name="Freude.Tests.FreudeTextParsingTests.ImageParsingTests.DoubleImagesDoc" executed="False" result="Ignored">
                        <reason>
                          <message><![CDATA[todo next: update the image format]]></message>
                        </reason>
                      </test-case>
                      <test-case name="Freude.Tests.FreudeTextParsingTests.ImageParsingTests.ImageWithTextAround" executed="False" result="Ignored">
                        <reason>
                          <message><![CDATA[todo next: update the image format]]></message>
                        </reason>
                      </test-case>
                      <test-case name="Freude.Tests.FreudeTextParsingTests.ImageParsingTests.SingleImageDoc" executed="False" result="Ignored">
                        <reason>
                          <message><![CDATA[todo next: update the image format]]></message>
                        </reason>
                      </test-case>
                    </results>
                  </test-suite>
                  <test-suite type="TestFixture" name="IndentedParagraphParsingTests" executed="True" result="Success" success="True" time="0.016" asserts="0">
                    <results>
                      <test-case name="Freude.Tests.FreudeTextParsingTests.IndentedParagraphParsingTests.Indented" executed="True" result="Success" success="True" time="0.002" asserts="9" />
                      <test-case name="Freude.Tests.FreudeTextParsingTests.IndentedParagraphParsingTests.Multiline" executed="True" result="Success" success="True" time="0.002" asserts="8" />
                      <test-case name="Freude.Tests.FreudeTextParsingTests.IndentedParagraphParsingTests.SimpleCase" executed="True" result="Success" success="True" time="0.002" asserts="9" />
                      <test-case name="Freude.Tests.FreudeTextParsingTests.IndentedParagraphParsingTests.WithColons" executed="True" result="Success" success="True" time="0.002" asserts="8" />
                      <test-case name="Freude.Tests.FreudeTextParsingTests.IndentedParagraphParsingTests.WithExtraSpacing" executed="True" result="Success" success="True" time="0.002" asserts="8" />
                      <test-case name="Freude.Tests.FreudeTextParsingTests.IndentedParagraphParsingTests.WithStyling" executed="True" result="Success" success="True" time="0.002" asserts="11" />
                    </results>
                  </test-suite>
                  <test-suite type="TestFixture" name="InternalLinkParsingTests" executed="True" result="Success" success="True" time="0.017" asserts="0">
                    <results>
                      <test-suite type="ParameterizedTest" name="ClosingBracketsAreMissing" executed="True" result="Success" success="True" time="0.003" asserts="0">
                        <results>
                          <test-case name="Freude.Tests.FreudeTextParsingTests.InternalLinkParsingTests.ClosingBracketsAreMissing(&quot;[[ Main Page&quot;)" executed="True" result="Success" success="True" time="0.001" asserts="2" />
                          <test-case name="Freude.Tests.FreudeTextParsingTests.InternalLinkParsingTests.ClosingBracketsAreMissing(&quot;[[ Main Page | &quot;)" executed="True" result="Success" success="True" time="0.001" asserts="2" />
                        </results>
                      </test-suite>
                      <test-case name="Freude.Tests.FreudeTextParsingTests.InternalLinkParsingTests.LinkWithNamespaces" executed="True" result="Success" success="True" time="0.002" asserts="9" />
                      <test-case name="Freude.Tests.FreudeTextParsingTests.InternalLinkParsingTests.PageNameShouldBeTrimmed" executed="True" result="Success" success="True" time="0.002" asserts="6" />
                      <test-case name="Freude.Tests.FreudeTextParsingTests.InternalLinkParsingTests.PageNameShouldNotBeEmpty" executed="True" result="Success" success="True" time="0.001" asserts="2" />
                      <test-case name="Freude.Tests.FreudeTextParsingTests.InternalLinkParsingTests.PipedLink" executed="True" result="Success" success="True" time="0.001" asserts="7" />
                      <test-case name="Freude.Tests.FreudeTextParsingTests.InternalLinkParsingTests.PipedLinkWithEmptyDescription" executed="True" result="Success" success="True" time="0.001" asserts="2" />
                      <test-case name="Freude.Tests.FreudeTextParsingTests.InternalLinkParsingTests.SimpleLink" executed="True" result="Success" success="True" time="0.002" asserts="6" />
                      <test-case name="Freude.Tests.FreudeTextParsingTests.InternalLinkParsingTests.TextLinkMix" executed="True" result="Success" success="True" time="0.002" asserts="10" />
                    </results>
                  </test-suite>
                  <test-suite type="TestFixture" name="NumberedListParsingTests" executed="True" result="Success" success="True" time="0.018" asserts="0">
                    <results>
                      <test-case name="Freude.Tests.FreudeTextParsingTests.NumberedListParsingTests.Indented" executed="True" result="Success" success="True" time="0.002" asserts="9" />
                      <test-case name="Freude.Tests.FreudeTextParsingTests.NumberedListParsingTests.Multiline" executed="True" result="Success" success="True" time="0.002" asserts="8" />
                      <test-case name="Freude.Tests.FreudeTextParsingTests.NumberedListParsingTests.SimpleCase" executed="True" result="Success" success="True" time="0.002" asserts="9" />
                      <test-case name="Freude.Tests.FreudeTextParsingTests.NumberedListParsingTests.WithBullets" executed="True" result="Success" success="True" time="0.002" asserts="8" />
                      <test-case name="Freude.Tests.FreudeTextParsingTests.NumberedListParsingTests.WithExtraSpacing" executed="True" result="Success" success="True" time="0.002" asserts="8" />
                      <test-case name="Freude.Tests.FreudeTextParsingTests.NumberedListParsingTests.WithStyling" executed="True" result="Success" success="True" time="0.002" asserts="11" />
                    </results>
                  </test-suite>
                  <test-suite type="TestFixture" name="ParagraphParsingTests" executed="True" result="Success" success="True" time="0.021" asserts="0">
                    <results>
                      <test-case name="Freude.Tests.FreudeTextParsingTests.ParagraphParsingTests.BoldAtStart" executed="True" result="Success" success="True" time="0.002" asserts="9" />
                      <test-case name="Freude.Tests.FreudeTextParsingTests.ParagraphParsingTests.BoldInTheMiddle" executed="True" result="Success" success="True" time="0.002" asserts="11" />
                      <test-case name="Freude.Tests.FreudeTextParsingTests.ParagraphParsingTests.BoldItalicCombo" executed="True" result="Success" success="True" time="0.002" asserts="16" />
                      <test-case name="Freude.Tests.FreudeTextParsingTests.ParagraphParsingTests.EmptyLineCanHaveWhiteSpaceThatIsIgnored" executed="True" result="Success" success="True" time="0.001" asserts="8" />
                      <test-case name="Freude.Tests.FreudeTextParsingTests.ParagraphParsingTests.ItalicAtStart" executed="True" result="Success" success="True" time="0.001" asserts="9" />
                      <test-case name="Freude.Tests.FreudeTextParsingTests.ParagraphParsingTests.ItalicInTheMiddle" executed="True" result="Success" success="True" time="0.002" asserts="11" />
                      <test-case name="Freude.Tests.FreudeTextParsingTests.ParagraphParsingTests.MultilineStyling" executed="True" result="Success" success="True" time="0.001" asserts="11" />
                      <test-case name="Freude.Tests.FreudeTextParsingTests.ParagraphParsingTests.MultilineTextParagraphIsMergedIntoSingleLineText" executed="True" result="Success" success="True" time="0.001" asserts="5" />
                      <test-case name="Freude.Tests.FreudeTextParsingTests.ParagraphParsingTests.MultipleEmptyLinesBetweenParagraphsAreTreatedAsSingleOne" executed="True" result="Success" success="True" time="0.001" asserts="8" />
                      <test-case name="Freude.Tests.FreudeTextParsingTests.ParagraphParsingTests.ParagraphsAreSplitByEmptyLines" executed="True" result="Success" success="True" time="0.002" asserts="8" />
                      <test-case name="Freude.Tests.FreudeTextParsingTests.ParagraphParsingTests.SingleLineTextParagraph" executed="True" result="Success" success="True" time="0.002" asserts="5" />
                    </results>
                  </test-suite>
                  <test-suite type="TestFixture" name="TokenizerTests" executed="True" result="Success" success="True" time="0.040" asserts="0">
                    <results>
                      <test-case name="Freude.Tests.FreudeTextParsingTests.TokenizerTests.BoldAtStartTest" executed="True" result="Success" success="True" time="0.001" asserts="5" />
                      <test-case name="Freude.Tests.FreudeTextParsingTests.TokenizerTests.BoldInMiddleTest" executed="True" result="Success" success="True" time="0.001" asserts="6" />
                      <test-case name="Freude.Tests.FreudeTextParsingTests.TokenizerTests.EndingToken" executed="True" result="Success" success="True" time="0.001" asserts="4" />
                      <test-case name="Freude.Tests.FreudeTextParsingTests.TokenizerTests.HeadingAnchor" executed="True" result="Success" success="True" time="0.001" asserts="8" />
                      <test-case name="Freude.Tests.FreudeTextParsingTests.TokenizerTests.ItalicTest" executed="True" result="Success" success="True" time="0.001" asserts="6" />
                      <test-case name="Freude.Tests.FreudeTextParsingTests.TokenizerTests.LineBeginningOnlyTokens" executed="True" result="Success" success="True" time="0.001" asserts="5" />
                      <test-case name="Freude.Tests.FreudeTextParsingTests.TokenizerTests.TokenizeBulletList" executed="True" result="Success" success="True" time="0.002" asserts="4" />
                      <test-case name="Freude.Tests.FreudeTextParsingTests.TokenizerTests.TokenizeBulletListWithExtraBullets" executed="True" result="Success" success="True" time="0.002" asserts="4" />
                      <test-case name="Freude.Tests.FreudeTextParsingTests.TokenizerTests.TokenizeBulletListWithStyling" executed="True" result="Success" success="True" time="0.002" asserts="8" />
                      <test-case name="Freude.Tests.FreudeTextParsingTests.TokenizerTests.TokenizeExternalLink" executed="True" result="Success" success="True" time="0.002" asserts="13" />
                      <test-case name="Freude.Tests.FreudeTextParsingTests.TokenizerTests.TokenizeExternalLinkSimple" executed="True" result="Success" success="True" time="0.002" asserts="5" />
                      <test-case name="Freude.Tests.FreudeTextParsingTests.TokenizerTests.TokenizeIndentedBulletList" executed="True" result="Success" success="True" time="0.002" asserts="4" />
                      <test-case name="Freude.Tests.FreudeTextParsingTests.TokenizerTests.TokenizeIndentedNumberedList" executed="True" result="Success" success="True" time="0.002" asserts="4" />
                      <test-case name="Freude.Tests.FreudeTextParsingTests.TokenizerTests.TokenizeIndentedTextWithExtraColons" executed="True" result="Success" success="True" time="0.002" asserts="4" />
                      <test-case name="Freude.Tests.FreudeTextParsingTests.TokenizerTests.TokenizeIndentedTextWithStyling" executed="True" result="Success" success="True" time="0.002" asserts="8" />
                      <test-case name="Freude.Tests.FreudeTextParsingTests.TokenizerTests.TokenizeInternalLink" executed="True" result="Success" success="True" time="0.001" asserts="9" />
                      <test-case name="Freude.Tests.FreudeTextParsingTests.TokenizerTests.TokenizeInternalLinkWithNamespaces" executed="True" result="Success" success="True" time="0.001" asserts="8" />
                      <test-case name="Freude.Tests.FreudeTextParsingTests.TokenizerTests.TokenizeMultipleIndentedTextList" executed="True" result="Success" success="True" time="0.002" asserts="4" />
                      <test-case name="Freude.Tests.FreudeTextParsingTests.TokenizerTests.TokenizeNumberedListWithExtraHashes" executed="True" result="Success" success="True" time="0.002" asserts="4" />
                      <test-case name="Freude.Tests.FreudeTextParsingTests.TokenizerTests.TokenizeNumberedListWithStyling" executed="True" result="Success" success="True" time="0.002" asserts="8" />
                      <test-case name="Freude.Tests.FreudeTextParsingTests.TokenizerTests.TokenizeStuff" executed="True" result="Success" success="True" time="0.000" asserts="9" />
                    </results>
                  </test-suite>
                </results>
              </test-suite>
              <test-suite type="Namespace" name="HtmlGeneratingTests" executed="True" result="Success" success="True" time="0.029" asserts="0">
                <results>
                  <test-suite type="TestFixture" name="BasicGeneratingTests" executed="True" result="Success" success="True" time="0.029" asserts="0">
                    <results>
                      <test-case name="Freude.Tests.HtmlGeneratingTests.BasicGeneratingTests.EscapeText" executed="True" result="Success" success="True" time="0.015" asserts="1" />
                      <test-case name="Freude.Tests.HtmlGeneratingTests.BasicGeneratingTests.HeadingParagraph" executed="True" result="Success" success="True" time="0.000" asserts="1" />
                      <test-case name="Freude.Tests.HtmlGeneratingTests.BasicGeneratingTests.ParagraphWithImage" executed="True" result="Success" success="True" time="0.010" asserts="1" />
                      <test-case name="Freude.Tests.HtmlGeneratingTests.BasicGeneratingTests.SimpleParagraph" executed="True" result="Success" success="True" time="0.000" asserts="1" />
                    </results>
                  </test-suite>
                </results>
              </test-suite>
              <test-suite type="Namespace" name="ProjectServicesTests" executed="True" result="Success" success="True" time="0.061" asserts="0">
                <results>
                  <test-suite type="TestFixture" name="ProjectBuilderTests" executed="True" result="Success" success="True" time="0.061" asserts="0">
                    <results>
                      <test-case name="Freude.Tests.ProjectServicesTests.ProjectBuilderTests.ListBuiltFiles" executed="True" result="Success" success="True" time="0.056" asserts="1" />
                      <test-case name="Freude.Tests.ProjectServicesTests.ProjectBuilderTests.ListProjectFiles" executed="True" result="Success" success="True" time="0.004" asserts="1" />
                    </results>
                  </test-suite>
                </results>
              </test-suite>
              <test-suite type="Namespace" name="TemplatingTests" executed="True" result="Success" success="True" time="0.001" asserts="0">
                <results>
                  <test-suite type="TestFixture" name="GenerateFromTemplateTests" executed="True" result="Success" success="True" time="0.000" asserts="0">
                    <results>
                      <test-case name="Freude.Tests.TemplatingTests.GenerateFromTemplateTests.Test" executed="True" result="Success" success="True" time="0.000" asserts="0" />
                    </results>
                  </test-suite>
                </results>
              </test-suite>
            </results>
          </test-suite>
        </results>
      </test-suite>
    </results>
  </test-suite>
</test-results>